0:100  0:100  MemLog inited, TSC freq: 3292520480
0:100  0:000  CPU was calibrated with ACPI PM Timer
0:100  0:000  
0:100  0:000  Now is 16.7.2019,  11:58:13 (GMT)
0:100  0:000  Starting Clover revision: 4934 on TianoCore.org EFI
0:100  0:000  Build with: [Args: -mc --no-usb -D NO_GRUB_DRIVERS_EMBEDDED -t XCODE8 | -D DISABLE_USB_SUPPORT -D NO_GRUB_DRIVERS_EMBEDDED --conf=/Users/macman/src/edk2/Conf -D USE_BIOS_BLOCKIO -D USE_LOW_EBDA -a X64 -b RELEASE -t XCODE8 -n 13 | OS: 10.14.4 | XCODE: 10.2.1]
0:100  0:000  SelfDevicePath=PcieRoot(0x0)\Pci(0x1F,0x2)\Sata(0x0,0x0,0x0)\HD(1,GPT,341659A4-0936-4AAE-9975-56BD53486D37,0x28,0x64000) @D9F7A918
0:100  0:000  SelfDirPath = \EFI\BOOT
0:100  0:000  === [ Get Smbios ] ========================================
0:100  0:000  Type 16 Index = 0
0:100  0:000  Total Memory Slots Count = 4
0:100  0:000  Type 17 Index = 0
0:100  0:000  SmbiosTable.Type17->Speed = 1333MHz
0:100  0:000  SmbiosTable.Type17->Size = 4096MB
0:100  0:000  SmbiosTable.Type17->Bank/Device = Bank0/1 A0
0:100  0:000  SmbiosTable.Type17->Vendor =  
0:100  0:000  SmbiosTable.Type17->SerialNumber =  
0:100  0:000  SmbiosTable.Type17->PartNumber =  
0:100  0:000  Type 17 Index = 1
0:100  0:000  Ignoring insane frequency value 0MHz
0:100  0:000  SmbiosTable.Type17->Speed = 0MHz
0:100  0:000  SmbiosTable.Type17->Size = 0MB
0:100  0:000  SmbiosTable.Type17->Bank/Device = Bank2/3 A1
0:100  0:000  SmbiosTable.Type17->Vendor = <null string>
0:100  0:000  SmbiosTable.Type17->SerialNumber = <null string>
0:100  0:000  SmbiosTable.Type17->PartNumber = <null string>
0:100  0:000  Type 17 Index = 2
0:100  0:000  SmbiosTable.Type17->Speed = 1333MHz
0:100  0:000  SmbiosTable.Type17->Size = 4096MB
0:100  0:000  SmbiosTable.Type17->Bank/Device = Bank4/5 A2
0:100  0:000  SmbiosTable.Type17->Vendor =  
0:100  0:000  SmbiosTable.Type17->SerialNumber =  
0:100  0:000  SmbiosTable.Type17->PartNumber =  
0:100  0:000  Type 17 Index = 3
0:100  0:000  Ignoring insane frequency value 0MHz
0:100  0:000  SmbiosTable.Type17->Speed = 0MHz
0:100  0:000  SmbiosTable.Type17->Size = 0MB
0:100  0:000  SmbiosTable.Type17->Bank/Device = Bank6/7 A3
0:100  0:000  SmbiosTable.Type17->Vendor = <null string>
0:100  0:000  SmbiosTable.Type17->SerialNumber = <null string>
0:100  0:000  SmbiosTable.Type17->PartNumber = <null string>
0:100  0:000  Boot status=0
0:100  0:000  Running on: 'H61N-USB3' with board 'H61N-USB3'
0:100  0:000  === [ GetCPUProperties ] ==================================
0:100  0:000  CPU Vendor = 756E6547 Model=306A9
0:100  0:000   The CPU supported SSE4.1
0:100  0:000  BrandString = Intel(R) Core(TM) i3-3225 CPU @ 3.30GHz
0:100  0:000   The CPU not supported turbo
0:100  0:000  MSR 0x35               20004
0:100  0:000  MSR 0xE2 before patch 1E000403
0:100  0:000  MSR 0xCE              00081010_E0012100
0:100  0:000  corrected FLEX_RATIO = 0
0:100  0:000  MSR 0x1B0             00000000
0:100  0:000  FSBFrequency = 100 MHz, DMI FSBFrequency = 100 MHz, Corrected FSBFrequency = 100 MHz
0:100  0:000  MaxDiv/MinDiv: 33.0/16
0:100  0:000  Turbo: 33/33/33/33
0:100  0:000  Features: 0xBFEBFBFF
0:100  0:000  Threads: 4
0:100  0:000  Cores: 2
0:100  0:000  FSB: 100 MHz
0:100  0:000  CPU: 3300 MHz
0:100  0:000  TSC: 3300 MHz
0:100  0:000  PIS: 100 MHz
0:100  0:000  ExternalClock: 25 MHz
0:100  0:000  === [ GetDevices ] ========================================
0:100  0:000  PCI (00|00:00.00) : 8086 0150 class=060000
0:100  0:000  PCI (00|00:02.00) : 8086 0162 class=030000
0:100  0:000   - GFX: Model=Intel HD Graphics 4000 (Intel)
0:100  0:000  PCI (00|00:16.00) : 8086 1C3A class=078000
0:100  0:000  PCI (00|00:1A.00) : 8086 1C2D class=0C0320
0:100  0:000  PCI (00|00:1B.00) : 8086 1C20 class=040300
0:100  0:000  PCI (00|00:1C.00) : 8086 1C10 class=060400
0:100  0:000  PCI (00|01:00.00) : 10EC 8168 class=020000
0:100  0:000   - LAN: 0 Vendor=Realtek
0:100  0:000  PCI (00|00:1D.00) : 8086 1C26 class=0C0320
0:100  0:000  PCI (00|00:1E.00) : 8086 244E class=060401
0:100  0:000  PCI (00|00:1F.00) : 8086 1C5C class=060100
0:100  0:000  PCI (00|00:1F.02) : 8086 1C02 class=010601
0:100  0:000  PCI (00|00:1F.03) : 8086 1C22 class=0C0500
0:100  0:000  === [ GetDefaultSettings ] ================================
0:100  0:000  Clover load options size = 0 bytes
0:102  0:001  EFI\CLOVER\config.plist loaded: Success
0:107  0:005  === [ GetListOfThemes ] ===================================
0:108  0:000  - [00]: tonymacx86
0:108  0:000  - [01]: random
0:109  0:000  - [01]: embedded
0:109  0:000  === [ Found config plists ] ===============================
0:109  0:000  - config.plist
0:109  0:000  === [ GetEarlyUserSettings ] ==============================
0:109  0:000  timeout set to 3
0:109  0:000  Custom boot CUSTOM_BOOT_DISABLED (0x0)
0:116  0:007  KextsToPatch: 1 requested
0:119  0:002   - [00]: AppleAHCIPort (External icons patch) :: BinPatch :: data len: 8
0:129  0:010  Default theme: tonymacx86
0:132  0:002  Hiding entries with string Windows
0:135  0:003  Hiding entries with string BOOTX64.EFI
0:142  0:006  === [ LoadDrivers ] =======================================
0:263  0:120  Loading PartitionDxe-64.efi  status=Success
0:270  0:007   - driver needs connecting
0:273  0:002  Loading DataHubDxe-64.efi  status=Success
0:281  0:007  Loading VBoxHfs-64.efi  status=Success
0:291  0:010   - driver needs connecting
0:294  0:002  Loading FSInject-64.efi  status=Success
0:303  0:009  Loading ApfsDriverLoader-64.efi  status=Success
0:415  0:111   - driver needs connecting
0:421  0:006  Loading SMCHelper-64.efi  status=Success
0:429  0:007  Loading AptioMemoryFix-64.efi  status=Success
0:538  0:109  Loading AudioDxe-64.efi  status=Success
0:547  0:008   - driver needs connecting
0:549  0:002  4 drivers needs connecting ...
0:552  0:002  PlatformDriverOverrideProtocol->GetDriver overriden
0:555  0:002  Partition driver loaded: 
0:561  0:005  APFS driver loaded
0:563  0:002  Searching for invalid DiskIo BY_DRIVER connects: not found, all ok
5:247  4:684  === [ InitScreen ] ========================================
5:372  0:124  Console modes reported: 3, available modes:
5:376  0:003   - [01]: 80x25 (current mode)
5:378  0:002   - [03]: 100x31
5:381  0:003  SetScreenResolution: 1920x1080 - not found!
5:387  0:005  SetMaxResolution: found best mode 0: 1280x1024
5:633  0:246  Video mode change to mode #0: Success
5:635  0:001   - set
5:638  0:002  SetScreenResolution: 1280x1024 - already set
5:734  0:095  reinit: self device path=PcieRoot(0x0)\Pci(0x1F,0x2)\Sata(0x0,0x0,0x0)\HD(1,GPT,341659A4-0936-4AAE-9975-56BD53486D37,0x28,0x64000)
5:739  0:005  Using embedded font: Success
5:743  0:003  === [ GetMacAddress ] =====================================
5:857  0:114  === [ ScanSPD ] ===========================================
5:988  0:130  Scanning SMBus [8086:1C22], mmio: 0xFBFFB004, ioport: 0x500, hostc: 0x1
6:010  0:021  Slot: 0 Type 24 4096MB 1333MHz Vendor=Samsung PartNo=M378B5273DH0-CH9 SerialNo=0906040A0C0B0F0A
6:032  0:022  Slot: 2 Type 24 4096MB 1333MHz Vendor=Samsung PartNo=M378B5273DH0-CH9 SerialNo=0906040A0C0C000E
6:038  0:006  === [ GetAcpiTablesList ] =================================
6:147  0:108  Get Acpi Tables List from RSDT:
6:152  0:004   - [00]: FACP  GBTUACPI len=116
6:155  0:002   - [01]: MSDM  GBTUACPI len=85
6:158  0:002   - [02]: HPET  GBTUACPI len=56
6:161  0:002   - [03]: MCFG  GBTUACPI len=60
6:163  0:002   - [04]: ASPT  PerfTune len=52
6:167  0:003   - [05]: SSPT  SsptHead len=8972
6:170  0:002   - [06]: MATS   len=52
6:173  0:003   - [07]: TAMG  GBT   B0 len=1354
6:179  0:005   - [08]: APIC  GBTUACPI len=188
6:182  0:002   - [09]: SSDT  PPM RCM  len=7880
6:185  0:002   - [10]: MATS  MATS RCM len=38352
6:188  0:002  Calibrated TSC Frequency = 3292520480 = 3292MHz
6:191  0:003  === [ GetUserSettings ] ===================================
6:298  0:106  USB FixOwnership: yes
6:300  0:002  Dropping 1 tables:
6:303  0:002   - [00]: Drop table  signature="MATS" (5354414D)
6:325  0:022           - set table: 5354414D,                0 to drop: yes
6:335  0:009   - final DSDT Fix mask=00000000
6:338  0:002  Using ProductName from config: iMac14,2
6:340  0:002  Using latest BiosVersion from clover
6:343  0:002  BiosVersion: IM142.88Z.F000.B00.1904161912
6:347  0:003  BiosReleaseDate: 04/16/2019
6:349  0:002  Using EfiVersion from clover: 137.0.0.0.0
6:352  0:003  Using FirmwareFeatures from clover: 0xE00FE137
6:355  0:002  Using FirmwareFeaturesMask from clover: 0xFF1FFF3F
6:358  0:002  Using PlatformFeature from clover: 0x1
6:365  0:007  === [ Found DSDT tables ] =================================
6:465  0:099  === [ ScanVolumes ] =======================================
6:586  0:121  Found 7 volumes with blockIO
6:589  0:002  - [00]: Volume: PcieRoot(0x0)\Pci(0x1F,0x2)\Sata(0x0,0x0,0x0)
6:596  0:006          Result of bootcode detection: bootable unknown (legacy)
6:597  0:001  - [01]: Volume: PcieRoot(0x0)\Pci(0x1F,0x2)\Sata(0x0,0x0,0x0)\HD(1,GPT,341659A4-0936-4AAE-9975-56BD53486D37,0x28,0x64000)
6:604  0:006          Result of bootcode detection: bootable unknown (legacy)
6:609  0:004          This is SelfVolume !!
6:611  0:002  - [02]: Volume: PcieRoot(0x0)\Pci(0x1F,0x2)\Sata(0x0,0x0,0x0)\HD(2,GPT,2B57FB9E-59E0-4962-812A-DE7FDE02DCC5,0x64028,0x1BEC0460)
6:618  0:006          Result of bootcode detection: bootable unknown (legacy)
6:620  0:001  - [03]: Volume: PcieRoot(0x0)\Pci(0x1F,0x2)\Sata(0x0,0x0,0x0)\HD(2,GPT,2B57FB9E-59E0-4962-812A-DE7FDE02DCC5,0x64028,0x1BEC0460)\VenMedia(BE74FCF7-0B7C-49F3-9147-01F4042E6842,AF112DC51B8ACF429EC007856BF089BE)
6:630  0:010  - [04]: Volume: PcieRoot(0x0)\Pci(0x1F,0x2)\Sata(0x0,0x0,0x0)\HD(2,GPT,2B57FB9E-59E0-4962-812A-DE7FDE02DCC5,0x64028,0x1BEC0460)\VenMedia(BE74FCF7-0B7C-49F3-9147-01F4042E6842,FCE5092336297B349E32058DB4D1E384)
6:635  0:005  - [05]: Volume: PcieRoot(0x0)\Pci(0x1F,0x2)\Sata(0x0,0x0,0x0)\HD(2,GPT,2B57FB9E-59E0-4962-812A-DE7FDE02DCC5,0x64028,0x1BEC0460)\VenMedia(BE74FCF7-0B7C-49F3-9147-01F4042E6842,0923137A83F85740884FBEE741A687C0)
6:641  0:005  - [06]: Volume: PcieRoot(0x0)\Pci(0x1F,0x2)\Sata(0x0,0x0,0x0)\HD(2,GPT,2B57FB9E-59E0-4962-812A-DE7FDE02DCC5,0x64028,0x1BEC0460)\VenMedia(BE74FCF7-0B7C-49F3-9147-01F4042E6842,3F9528333154CE47B741B27C3F8B9C90)
6:650  0:009  found 2 handles with audio
6:653  0:002  No AudioIoDevice stored
6:656  0:003  no stored audio parameters
6:659  0:002  === [ InitTheme ] =========================================
6:781  0:121  use daylight theme
6:785  0:003  Using theme 'tonymacx86' (EFI\CLOVER\themes\tonymacx86)
6:786  0:001  file sound read: sound.wav Not Found
6:793  0:006  Loading font from ThemeDir: Error
6:796  0:003  theme inited
6:798  0:002  Chosen theme tonymacx86
6:802  0:003  after NVRAM boot-args=dart=0
6:804  0:002  Scanning legacy ...
6:807  0:002  === [ Dump SMC keys from NVRAM ] ==========================
6:890  0:082  found AppleSMC protocol
6:893  0:003  Registered 0 SMC keys
6:896  0:002  === [ ScanLoader ] ========================================
7:025  0:128  - [01]: 'EFI'
7:056  0:031          AddLoaderEntry for Volume Name=EFI
7:061  0:004          skipped because entry is hidden
7:063  0:002  - [03]: 'Preboot'
7:073  0:009          AddLoaderEntry for Volume Name=Preboot
7:078  0:005      Check if volume Is Hibernated:
7:080  0:001      Check sleep image 'by signature':
7:083  0:002      using default sleep image name = \private\var\vm\sleepimage
7:085  0:002      sleepimage not found -> Not Found
7:088  0:002      hibernated: no - sign
7:095  0:007          AddLoaderEntry for Volume Name=Preboot
7:128  0:033  - [04]: 'iMac'
7:158  0:030          AddLoaderEntry for Volume Name=iMac
7:167  0:008      Check if volume Is Hibernated:
7:169  0:001      Check sleep image 'by signature':
7:180  0:011      read prefs \Library\Preferences\com.apple.PowerManagement.plist status=Success
7:182  0:001      using default sleep image name = \private\var\vm\sleepimage
7:190  0:007      sleepimage not found -> Not Found
7:192  0:001      hibernated: no - sign
7:225  0:033  - [05]: 'Recovery'
7:231  0:005          AddLoaderEntry for Volume Name=Recovery
7:265  0:034  - [06]: 'VM'
7:290  0:024  === [ AddCustomTool ] =====================================
7:403  0:113  found tool \EFI\CLOVER\tools\Shell64U.efi
7:405  0:001  Checking EFI partition Volume 1 for Clover
7:408  0:002   Found Clover
7:413  0:005  === [ GetEfiBootDeviceFromNvram ] =========================
7:490  0:076   - found entry 2. 'Boot macOS from iMac', Volume 'iMac', DevicePath 'PcieRoot(0x0)\Pci(0x1F,0x2)\Sata(0x0,0x0,0x0)\HD(2,GPT,2B57FB9E-59E0-4962-812A-DE7FDE02DCC5,0x64028,0x1BEC0460)\VenMedia(BE74FCF7-0B7C-49F3-9147-01F4042E6842,FCE5092336297B349E32058DB4D1E384)\System\Library\CoreServices\boot.efii'
7:496  0:006  DefaultIndex=2 and MainMenu.EntryCount=10
7:671  0:174  GUI ready
0:100  0:100  MemLog inited, TSC freq: 3292518320
0:100  0:000  CPU was calibrated with ACPI PM Timer
0:100  0:000  
0:100  0:000  Now is 16.7.2019,  11:59:4 (GMT)
0:100  0:000  Starting Clover revision: 4934 on TianoCore.org EFI
0:100  0:000  Build with: [Args: -mc --no-usb -D NO_GRUB_DRIVERS_EMBEDDED -t XCODE8 | -D DISABLE_USB_SUPPORT -D NO_GRUB_DRIVERS_EMBEDDED --conf=/Users/macman/src/edk2/Conf -D USE_BIOS_BLOCKIO -D USE_LOW_EBDA -a X64 -b RELEASE -t XCODE8 -n 13 | OS: 10.14.4 | XCODE: 10.2.1]
0:100  0:000  SelfDevicePath=PcieRoot(0x0)\Pci(0x1F,0x2)\Sata(0x0,0x0,0x0)\HD(1,GPT,341659A4-0936-4AAE-9975-56BD53486D37,0x28,0x64000) @D9F7A918
0:100  0:000  SelfDirPath = \EFI\BOOT
0:100  0:000  === [ Get Smbios ] ========================================
0:100  0:000  Type 16 Index = 0
0:100  0:000  Total Memory Slots Count = 4
0:100  0:000  Type 17 Index = 0
0:100  0:000  SmbiosTable.Type17->Speed = 1333MHz
0:100  0:000  SmbiosTable.Type17->Size = 4096MB
0:100  0:000  SmbiosTable.Type17->Bank/Device = Bank0/1 A0
0:100  0:000  SmbiosTable.Type17->Vendor =  
0:100  0:000  SmbiosTable.Type17->SerialNumber =  
0:100  0:000  SmbiosTable.Type17->PartNumber =  
0:100  0:000  Type 17 Index = 1
0:100  0:000  Ignoring insane frequency value 0MHz
0:100  0:000  SmbiosTable.Type17->Speed = 0MHz
0:100  0:000  SmbiosTable.Type17->Size = 0MB
0:100  0:000  SmbiosTable.Type17->Bank/Device = Bank2/3 A1
0:100  0:000  SmbiosTable.Type17->Vendor = <null string>
0:100  0:000  SmbiosTable.Type17->SerialNumber = <null string>
0:100  0:000  SmbiosTable.Type17->PartNumber = <null string>
0:100  0:000  Type 17 Index = 2
0:100  0:000  SmbiosTable.Type17->Speed = 1333MHz
0:100  0:000  SmbiosTable.Type17->Size = 4096MB
0:100  0:000  SmbiosTable.Type17->Bank/Device = Bank4/5 A2
0:100  0:000  SmbiosTable.Type17->Vendor =  
0:100  0:000  SmbiosTable.Type17->SerialNumber =  
0:100  0:000  SmbiosTable.Type17->PartNumber =  
0:100  0:000  Type 17 Index = 3
0:100  0:000  Ignoring insane frequency value 0MHz
0:100  0:000  SmbiosTable.Type17->Speed = 0MHz
0:100  0:000  SmbiosTable.Type17->Size = 0MB
0:100  0:000  SmbiosTable.Type17->Bank/Device = Bank6/7 A3
0:100  0:000  SmbiosTable.Type17->Vendor = <null string>
0:100  0:000  SmbiosTable.Type17->SerialNumber = <null string>
0:100  0:000  SmbiosTable.Type17->PartNumber = <null string>
0:100  0:000  Boot status=0
0:100  0:000  Running on: 'H61N-USB3' with board 'H61N-USB3'
0:100  0:000  === [ GetCPUProperties ] ==================================
0:100  0:000  CPU Vendor = 756E6547 Model=306A9
0:100  0:000   The CPU supported SSE4.1
0:100  0:000  BrandString = Intel(R) Core(TM) i3-3225 CPU @ 3.30GHz
0:100  0:000   The CPU not supported turbo
0:100  0:000  MSR 0x35               20004
0:100  0:000  MSR 0xE2 before patch 1E000403
0:100  0:000  MSR 0xCE              00081010_E0012100
0:100  0:000  corrected FLEX_RATIO = 0
0:100  0:000  MSR 0x1B0             00000000
0:100  0:000  FSBFrequency = 100 MHz, DMI FSBFrequency = 100 MHz, Corrected FSBFrequency = 100 MHz
0:100  0:000  MaxDiv/MinDiv: 33.0/16
0:100  0:000  Turbo: 33/33/33/33
0:100  0:000  Features: 0xBFEBFBFF
0:100  0:000  Threads: 4
0:100  0:000  Cores: 2
0:100  0:000  FSB: 100 MHz
0:100  0:000  CPU: 3300 MHz
0:100  0:000  TSC: 3300 MHz
0:100  0:000  PIS: 100 MHz
0:100  0:000  ExternalClock: 25 MHz
0:100  0:000  === [ GetDevices ] ========================================
0:100  0:000  PCI (00|00:00.00) : 8086 0150 class=060000
0:100  0:000  PCI (00|00:02.00) : 8086 0162 class=030000
0:100  0:000   - GFX: Model=Intel HD Graphics 4000 (Intel)
0:100  0:000  PCI (00|00:16.00) : 8086 1C3A class=078000
0:100  0:000  PCI (00|00:1A.00) : 8086 1C2D class=0C0320
0:100  0:000  PCI (00|00:1B.00) : 8086 1C20 class=040300
0:100  0:000  PCI (00|00:1C.00) : 8086 1C10 class=060400
0:100  0:000  PCI (00|01:00.00) : 10EC 8168 class=020000
0:100  0:000   - LAN: 0 Vendor=Realtek
0:100  0:000  PCI (00|00:1D.00) : 8086 1C26 class=0C0320
0:100  0:000  PCI (00|00:1E.00) : 8086 244E class=060401
0:100  0:000  PCI (00|00:1F.00) : 8086 1C5C class=060100
0:100  0:000  PCI (00|00:1F.02) : 8086 1C02 class=010601
0:100  0:000  PCI (00|00:1F.03) : 8086 1C22 class=0C0500
0:100  0:000  === [ GetDefaultSettings ] ================================
0:100  0:000  Clover load options size = 0 bytes
0:102  0:001  EFI\CLOVER\config.plist loaded: Success
0:107  0:005  === [ GetListOfThemes ] ===================================
0:108  0:000  - [00]: tonymacx86
0:108  0:000  - [01]: random
0:109  0:000  - [01]: embedded
0:109  0:000  === [ Found config plists ] ===============================
0:109  0:000  - config.plist
0:109  0:000  === [ GetEarlyUserSettings ] ==============================
0:109  0:000  timeout set to 3
0:109  0:000  Custom boot CUSTOM_BOOT_DISABLED (0x0)
0:113  0:004  KextsToPatch: 1 requested
0:116  0:002   - [00]: AppleAHCIPort (External icons patch) :: BinPatch :: data len: 8
0:129  0:012  Default theme: tonymacx86
0:132  0:002  Hiding entries with string Windows
0:135  0:003  Hiding entries with string BOOTX64.EFI
0:137  0:002  === [ LoadDrivers ] =======================================
0:260  0:122  Loading PartitionDxe-64.efi  status=Success
0:267  0:007   - driver needs connecting
0:271  0:003  Loading DataHubDxe-64.efi  status=Success
0:283  0:011  Loading VBoxHfs-64.efi  status=Success
0:292  0:009   - driver needs connecting
0:296  0:003  Loading FSInject-64.efi  status=Success
0:304  0:008  Loading ApfsDriverLoader-64.efi  status=Success
0:414  0:109   - driver needs connecting
0:416  0:001  Loading SMCHelper-64.efi  status=Success
0:423  0:007  Loading AptioMemoryFix-64.efi  status=Success
0:534  0:110  Loading AudioDxe-64.efi  status=Success
0:542  0:008   - driver needs connecting
0:545  0:002  4 drivers needs connecting ...
0:550  0:005  PlatformDriverOverrideProtocol->GetDriver overriden
0:553  0:002  Partition driver loaded: 
0:559  0:006  APFS driver loaded
0:563  0:003  Searching for invalid DiskIo BY_DRIVER connects: not found, all ok
5:247  4:684  === [ InitScreen ] ========================================
5:370  0:122  Console modes reported: 3, available modes:
5:372  0:002   - [01]: 80x25 (current mode)
5:375  0:002   - [03]: 100x31
5:378  0:002  SetScreenResolution: 1920x1080 - not found!
5:384  0:005  SetMaxResolution: found best mode 0: 1280x1024
5:635  0:251  Video mode change to mode #0: Success
5:637  0:001   - set
5:640  0:003  SetScreenResolution: 1280x1024 - already set
5:735  0:094  reinit: self device path=PcieRoot(0x0)\Pci(0x1F,0x2)\Sata(0x0,0x0,0x0)\HD(1,GPT,341659A4-0936-4AAE-9975-56BD53486D37,0x28,0x64000)
5:737  0:002  Using embedded font: Success
5:740  0:003  === [ GetMacAddress ] =====================================
5:851  0:110  === [ ScanSPD ] ===========================================
5:989  0:137  Scanning SMBus [8086:1C22], mmio: 0xFBFFB004, ioport: 0x500, hostc: 0x1
6:010  0:021  Slot: 0 Type 24 4096MB 1333MHz Vendor=Samsung PartNo=M378B5273DH0-CH9 SerialNo=0906040A0C0B0F0A
6:031  0:021  Slot: 2 Type 24 4096MB 1333MHz Vendor=Samsung PartNo=M378B5273DH0-CH9 SerialNo=0906040A0C0C000E
6:034  0:002  === [ GetAcpiTablesList ] =================================
6:142  0:108  Get Acpi Tables List from RSDT:
6:148  0:005   - [00]: FACP  GBTUACPI len=116
6:151  0:003   - [01]: MSDM  GBTUACPI len=85
6:157  0:006   - [02]: HPET  GBTUACPI len=56
6:160  0:002   - [03]: MCFG  GBTUACPI len=60
6:163  0:003   - [04]: ASPT  PerfTune len=52
6:166  0:002   - [05]: SSPT  SsptHead len=8972
6:168  0:002   - [06]: MATS   len=52
6:171  0:003   - [07]: TAMG  GBT   B0 len=1354
6:174  0:002   - [08]: APIC  GBTUACPI len=188
6:177  0:002   - [09]: SSDT  PPM RCM  len=7880
6:180  0:003   - [10]: MATS  MATS RCM len=38352
6:183  0:002  Calibrated TSC Frequency = 3292518320 = 3292MHz
6:186  0:003  === [ GetUserSettings ] ===================================
6:295  0:109  USB FixOwnership: yes
6:298  0:003  Dropping 1 tables:
6:301  0:002   - [00]: Drop table  signature="MATS" (5354414D)
6:324  0:023           - set table: 5354414D,                0 to drop: yes
6:330  0:005   - final DSDT Fix mask=00000000
6:333  0:002  Using ProductName from config: iMac14,2
6:336  0:002  Using latest BiosVersion from clover
6:338  0:002  BiosVersion: IM142.88Z.F000.B00.1904161912
6:341  0:002  BiosReleaseDate: 04/16/2019
6:347  0:006  Using EfiVersion from clover: 137.0.0.0.0
6:350  0:003  Using FirmwareFeatures from clover: 0xE00FE137
6:353  0:003  Using FirmwareFeaturesMask from clover: 0xFF1FFF3F
6:356  0:002  Using PlatformFeature from clover: 0x1
6:359  0:002  === [ Found DSDT tables ] =================================
6:464  0:105  === [ ScanVolumes ] =======================================
6:581  0:116  Found 7 volumes with blockIO
6:584  0:003  - [00]: Volume: PcieRoot(0x0)\Pci(0x1F,0x2)\Sata(0x0,0x0,0x0)
6:594  0:009          Result of bootcode detection: bootable unknown (legacy)
6:596  0:001  - [01]: Volume: PcieRoot(0x0)\Pci(0x1F,0x2)\Sata(0x0,0x0,0x0)\HD(1,GPT,341659A4-0936-4AAE-9975-56BD53486D37,0x28,0x64000)
6:602  0:006          Result of bootcode detection: bootable unknown (legacy)
6:604  0:001          This is SelfVolume !!
6:608  0:003  - [02]: Volume: PcieRoot(0x0)\Pci(0x1F,0x2)\Sata(0x0,0x0,0x0)\HD(2,GPT,2B57FB9E-59E0-4962-812A-DE7FDE02DCC5,0x64028,0x1BEC0460)
6:615  0:007          Result of bootcode detection: bootable unknown (legacy)
6:620  0:005  - [03]: Volume: PcieRoot(0x0)\Pci(0x1F,0x2)\Sata(0x0,0x0,0x0)\HD(2,GPT,2B57FB9E-59E0-4962-812A-DE7FDE02DCC5,0x64028,0x1BEC0460)\VenMedia(BE74FCF7-0B7C-49F3-9147-01F4042E6842,AF112DC51B8ACF429EC007856BF089BE)
6:626  0:005  - [04]: Volume: PcieRoot(0x0)\Pci(0x1F,0x2)\Sata(0x0,0x0,0x0)\HD(2,GPT,2B57FB9E-59E0-4962-812A-DE7FDE02DCC5,0x64028,0x1BEC0460)\VenMedia(BE74FCF7-0B7C-49F3-9147-01F4042E6842,FCE5092336297B349E32058DB4D1E384)
6:634  0:007  - [05]: Volume: PcieRoot(0x0)\Pci(0x1F,0x2)\Sata(0x0,0x0,0x0)\HD(2,GPT,2B57FB9E-59E0-4962-812A-DE7FDE02DCC5,0x64028,0x1BEC0460)\VenMedia(BE74FCF7-0B7C-49F3-9147-01F4042E6842,0923137A83F85740884FBEE741A687C0)
6:639  0:005  - [06]: Volume: PcieRoot(0x0)\Pci(0x1F,0x2)\Sata(0x0,0x0,0x0)\HD(2,GPT,2B57FB9E-59E0-4962-812A-DE7FDE02DCC5,0x64028,0x1BEC0460)\VenMedia(BE74FCF7-0B7C-49F3-9147-01F4042E6842,3F9528333154CE47B741B27C3F8B9C90)
6:646  0:006  found 2 handles with audio
6:649  0:002  No AudioIoDevice stored
6:654  0:005  no stored audio parameters
6:657  0:002  === [ InitTheme ] =========================================
6:781  0:124  use daylight theme
6:785  0:003  Using theme 'tonymacx86' (EFI\CLOVER\themes\tonymacx86)
6:787  0:001  file sound read: sound.wav Not Found
6:790  0:003  Loading font from ThemeDir: Error
6:794  0:003  theme inited
6:797  0:002  Chosen theme tonymacx86
6:799  0:002  after NVRAM boot-args=dart=0
6:802  0:003  Scanning legacy ...
6:805  0:002  === [ Dump SMC keys from NVRAM ] ==========================
6:889  0:084  found AppleSMC protocol
6:892  0:002  Registered 0 SMC keys
6:895  0:002  === [ ScanLoader ] ========================================
7:022  0:127  - [01]: 'EFI'
7:054  0:032          AddLoaderEntry for Volume Name=EFI
7:056  0:001          skipped because entry is hidden
7:060  0:003  - [03]: 'Preboot'
7:068  0:008          AddLoaderEntry for Volume Name=Preboot
7:074  0:005      Check if volume Is Hibernated:
7:076  0:001      Check sleep image 'by signature':
7:082  0:006      using default sleep image name = \private\var\vm\sleepimage
7:085  0:002      sleepimage not found -> Not Found
7:088  0:003      hibernated: no - sign
7:096  0:008          AddLoaderEntry for Volume Name=Preboot
7:126  0:029  - [04]: 'iMac'
7:156  0:030          AddLoaderEntry for Volume Name=iMac
7:165  0:008      Check if volume Is Hibernated:
7:167  0:001      Check sleep image 'by signature':
7:178  0:011      read prefs \Library\Preferences\com.apple.PowerManagement.plist status=Success
7:183  0:005      using default sleep image name = \private\var\vm\sleepimage
7:191  0:007      sleepimage not found -> Not Found
7:193  0:001      hibernated: no - sign
7:227  0:034  - [05]: 'Recovery'
7:234  0:006          AddLoaderEntry for Volume Name=Recovery
7:264  0:030  - [06]: 'VM'
7:288  0:024  === [ AddCustomTool ] =====================================
7:402  0:113  found tool \EFI\CLOVER\tools\Shell64U.efi
7:404  0:001  Checking EFI partition Volume 1 for Clover
7:409  0:005   Found Clover
7:415  0:005  === [ GetEfiBootDeviceFromNvram ] =========================
7:492  0:076   - found entry 2. 'Boot macOS from iMac', Volume 'iMac', DevicePath 'PcieRoot(0x0)\Pci(0x1F,0x2)\Sata(0x0,0x0,0x0)\HD(2,GPT,2B57FB9E-59E0-4962-812A-DE7FDE02DCC5,0x64028,0x1BEC0460)\VenMedia(BE74FCF7-0B7C-49F3-9147-01F4042E6842,FCE5092336297B349E32058DB4D1E384)\System\Library\CoreServices\boot.efii'
7:495  0:003  DefaultIndex=2 and MainMenu.EntryCount=10
7:669  0:174  GUI ready
59:726  52:056  BootVariable of the entry is empty
59:728  0:001  === [ StartLoader ] =======================================
59:859  0:131  Finally: ExternalClock=25MHz BusSpeed=99774kHz CPUFreq=3293MHz PIS: hw.busfrequency=100000000Hz
59:865  0:006  Loading boot.efi  status=Success
59:956  0:090  GetOSVersion: 10.14.5 (18F132)
59:962  0:005  CSR_CFG: CSR_ALLOW_UNTRUSTED_KEXTS | CSR_ALLOW_UNRESTRICTED_FS
59:964  0:002  Filtering KextPatches:
59:967  0:003   - [00]: AppleAHCIPort (External icons patch) :: BinPatch :: [OS: 10.14.5 | MatchOS: All | MatchBuild: All] ==> allowed
59:978  0:010  Will not patch boot.efi
59:980  0:002  === [ PatchSmbios ] =======================================
60:100  0:119  insert table 9 for dev 0:0
60:103  0:002  Channels: 2
60:106  0:002  Interleave: 0 2 1 3 4 6 5 7 8 10 9 11 12 14 13 15 16 18 17 19 20 22 21 23
60:181  0:074  SMBIOS Type 17 Index = 0 => 0 0:
60:184  0:002  BANK 0 DIMM0 1333MHz 4096MB
60:187  0:002  SMBIOS Type 17 Index = 1 => 2 2:
60:189  0:002  BANK 1 DIMM0 1333MHz 4096MB
60:195  0:006  SMBIOS Type 17 Index = 2 => 1 1:
60:198  0:002  BANK 0 DIMM1 EMPTY
60:201  0:002  SMBIOS Type 17 Index = 3 => 3 3:
60:204  0:003  BANK 1 DIMM1 EMPTY
60:207  0:002  mTotalSystemMemory = 8192
60:210  0:002  NumberOfMemoryDevices = 4
60:213  0:002  Type20[0]->End = 0x3FFFFF, Type17[0] = 0x1000
60:215  0:002  Type20[1]->End = 0x0, Type17[1] = 0x3000
60:218  0:002  === [ PatchACPI ] =========================================
60:343  0:124  Xsdt is not found! Creating new one
60:353  0:010  RsdPointer is Acpi 1.0 - creating new one Acpi 2.0
60:356  0:003  RsdPointer Acpi 2.0 installed
60:358  0:002  RSDT entries = 11
60:361  0:002  Xsdt reallocation done
60:364  0:002  old FADT length=74
60:367  0:002   SignatureFixup: 0x0 -> 0x0
60:371  0:003  Apply DsdtFixMask=0x00000000
60:374  0:003     drop _DSM mask=0xFFFF
60:377  0:002  === [ FixBiosDsdt ] =======================================
60:498  0:121    0 replacements
60:502  0:003  PreCleanup XSDT: count=11, length=124
60:509  0:007  PreCleanup XSDT, corrected XSDT: count=11, length=124
60:512  0:002  === [ ACPIDropTables ] ====================================
60:621  0:109  Drop tables from XSDT, SIGN=MATS TableID=MATS RCM Length=38352
60:624  0:002   Table[10]: MATS  MATS RCM  38352 dropped
60:628  0:003  Drop tables from XSDT, SIGN=MATS TableID= Length=52
60:630  0:002   Table[6]: MATS    52 dropped
60:633  0:003    0 replacements
60:636  0:002  CPUBase=0 and ApicCPUBase=0 ApicCPUNum=8
60:641  0:005  Cleanup XSDT: count=11, length=124
60:644  0:002  corrected XSDT count=9, length=108
60:647  0:002  === [ RestSetup macOS ] ===================================
60:755  0:108  Intel HD Graphics 4000 [8086:0162] :: PcieRoot(0x0)\Pci(0x2,0x0)
60:758  0:002  Intel GFX revision  = 0x9
60:761  0:002   setting specified layout-id=1 (0x1)
60:764  0:002  stringlength = 2022
60:767  0:002  CurrentMode: Width=1280 Height=1024
60:769  0:002  Beginning FSInjection
60:772  0:002  Use origin smbios table type 1 guid.
60:779  0:007  Preparing kexts injection for arch=x86_64 from EFI\CLOVER\kexts\Other
60:782  0:002  Extra kext: EFI\CLOVER\kexts\Other\FakeSMC.kext (v.1800)
60:787  0:004  Preparing kexts injection for arch=x86_64 from EFI\CLOVER\kexts\10.14
60:788  0:001  SetScreenResolution: 1280x1024 - already set
60:793  0:005  Custom boot is disabled
60:796  0:002  Closing log
61:209  0:412  Legacy USB Off Done
61:211  0:002  USB EHCI Ownership for device 1C2D value=1000001
61:214  0:002  Legacy USB Off Done
61:221  0:006  USB EHCI Ownership for device 1C26 value=1000001
